DEBUG main io.github.bonigarcia.wdm.cache.ResolutionCache - Resolution chrome=98 in cache (valid until 20:55:38 20/02/2022 CET)
DEBUG main io.github.bonigarcia.wdm.cache.ResolutionCache - Resolution chrome98=98.0.4758.102 in cache (valid until 19:55:38 21/02/2022 CET)
INFO main io.github.bonigarcia.wdm.WebDriverManager - Using chromedriver 98.0.4758.102 (resolved driver for Chrome 98)
DEBUG main io.github.bonigarcia.wdm.WebDriverManager - Driver chromedriver 98.0.4758.102 found in cache
INFO main io.github.bonigarcia.wdm.WebDriverManager - Exporting webdriver.chrome.driver as C:\Users\User\.cache\selenium\chromedriver\win32\98.0.4758.102\chromedriver.exe
DEBUG main io.netty.util.internal.logging.InternalLoggerFactory - Using SLF4J as the default logging framework
DEBUG main io.netty.util.ResourceLeakDetector - -Dio.netty.leakDetection.level: simple
DEBUG main io.netty.util.ResourceLeakDetector - -Dio.netty.leakDetection.targetRecords: 4
DEBUG main io.netty.util.ResourceLeakDetectorFactory - Loaded default ResourceLeakDetector: io.netty.util.ResourceLeakDetector@5860f3d7
DEBUG main io.netty.util.internal.PlatformDependent0 - -Dio.netty.noUnsafe: false
DEBUG main io.netty.util.internal.PlatformDependent0 - Java version: 11
DEBUG main io.netty.util.internal.PlatformDependent0 - sun.misc.Unsafe.theUnsafe: available
DEBUG main io.netty.util.internal.PlatformDependent0 - sun.misc.Unsafe.copyMemory: available
DEBUG main io.netty.util.internal.PlatformDependent0 - java.nio.Buffer.address: available
DEBUG main io.netty.util.internal.PlatformDependent0 - direct buffer constructor: unavailable: Reflective setAccessible(true) disabled
DEBUG main io.netty.util.internal.PlatformDependent0 - java.nio.Bits.unaligned: available, true
DEBUG main io.netty.util.internal.PlatformDependent0 - jdk.internal.misc.Unsafe.allocateUninitializedArray(int): unavailable: class io.netty.util.internal.PlatformDependent0$6 cannot access class jdk.internal.misc.Unsafe (in module java.base) because module java.base does not export jdk.internal.misc to unnamed module @52b56a3e
DEBUG main io.netty.util.internal.PlatformDependent0 - java.nio.DirectByteBuffer.<init>(long, int): unavailable
DEBUG main io.netty.util.internal.PlatformDependent - sun.misc.Unsafe: available
DEBUG main io.netty.util.internal.PlatformDependent - maxDirectMemory: 2128609280 bytes (maybe)
DEBUG main io.netty.util.internal.PlatformDependent - -Dio.netty.tmpdir: C:\Users\User\AppData\Local\Temp (java.io.tmpdir)
DEBUG main io.netty.util.internal.PlatformDependent - -Dio.netty.bitMode: 64 (sun.arch.data.model)
DEBUG main io.netty.util.internal.PlatformDependent - Platform: Windows
DEBUG main io.netty.util.internal.PlatformDependent - -Dio.netty.maxDirectMemory: -1 bytes
DEBUG main io.netty.util.internal.PlatformDependent - -Dio.netty.uninitializedArrayAllocationThreshold: -1
DEBUG main io.netty.util.internal.CleanerJava9 - java.nio.ByteBuffer.cleaner(): available
DEBUG main io.netty.util.internal.PlatformDependent - -Dio.netty.noPreferDirect: false
DEBUG main io.netty.util.internal.PlatformDependent - org.jctools-core.MpscChunkedArrayQueue: available
DEBUG main io.netty.util.internal.InternalThreadLocalMap - -Dio.netty.threadLocalMap.stringBuilder.initialSize: 1024
DEBUG main io.netty.util.internal.InternalThreadLocalMap - -Dio.netty.threadLocalMap.stringBuilder.maxSize: 4096
DEBUG main io.netty.handler.ssl.JdkSslContext - Default protocols (JDK): [TLSv1.3, TLSv1.2, TLSv1.1, TLSv1] 
DEBUG main io.netty.handler.ssl.JdkSslContext - Default cipher suites (JDK): [TLS_ECDHE_ECDSA_WITH_AES_256_GCM_SHA384, TLS_ECDHE_ECDSA_WITH_AES_128_GCM_SHA256, TLS_ECDHE_RSA_WITH_AES_128_GCM_SHA256, TLS_ECDHE_RSA_WITH_AES_256_GCM_SHA384, TLS_ECDHE_RSA_WITH_AES_128_CBC_SHA, TLS_ECDHE_RSA_WITH_AES_256_CBC_SHA, TLS_RSA_WITH_AES_128_GCM_SHA256, TLS_RSA_WITH_AES_128_CBC_SHA, TLS_RSA_WITH_AES_256_CBC_SHA, TLS_AES_128_GCM_SHA256, TLS_AES_256_GCM_SHA384]
DEBUG main io.netty.channel.MultithreadEventLoopGroup - -Dio.netty.eventLoopThreads: 8
DEBUG main io.netty.channel.nio.NioEventLoop - -Dio.netty.noKeySetOptimization: false
DEBUG main io.netty.channel.nio.NioEventLoop - -Dio.netty.selectorAutoRebuildThreshold: 512
DEBUG main io.netty.buffer.PooledByteBufAllocator - -Dio.netty.allocator.numHeapArenas: 8
DEBUG main io.netty.buffer.PooledByteBufAllocator - -Dio.netty.allocator.numDirectArenas: 8
DEBUG main io.netty.buffer.PooledByteBufAllocator - -Dio.netty.allocator.pageSize: 8192
DEBUG main io.netty.buffer.PooledByteBufAllocator - -Dio.netty.allocator.maxOrder: 11
DEBUG main io.netty.buffer.PooledByteBufAllocator - -Dio.netty.allocator.chunkSize: 16777216
DEBUG main io.netty.buffer.PooledByteBufAllocator - -Dio.netty.allocator.smallCacheSize: 256
DEBUG main io.netty.buffer.PooledByteBufAllocator - -Dio.netty.allocator.normalCacheSize: 64
DEBUG main io.netty.buffer.PooledByteBufAllocator - -Dio.netty.allocator.maxCachedBufferCapacity: 32768
DEBUG main io.netty.buffer.PooledByteBufAllocator - -Dio.netty.allocator.cacheTrimInterval: 8192
DEBUG main io.netty.buffer.PooledByteBufAllocator - -Dio.netty.allocator.cacheTrimIntervalMillis: 0
DEBUG main io.netty.buffer.PooledByteBufAllocator - -Dio.netty.allocator.useCacheForAllThreads: true
DEBUG main io.netty.buffer.PooledByteBufAllocator - -Dio.netty.allocator.maxCachedByteBuffersPerChunk: 1023
DEBUG main io.netty.buffer.ByteBufUtil - -Dio.netty.allocator.type: pooled
DEBUG main io.netty.buffer.ByteBufUtil - -Dio.netty.threadLocalDirectBufferSize: 0
DEBUG main io.netty.buffer.ByteBufUtil - -Dio.netty.maxThreadLocalCharBufferSize: 16384
DEBUG Forwarding newSession on session null to remote io.netty.channel.DefaultChannelId - -Dio.netty.processId: 3172 (auto-detected)
DEBUG Forwarding newSession on session null to remote io.netty.util.NetUtil - -Djava.net.preferIPv4Stack: false
DEBUG Forwarding newSession on session null to remote io.netty.util.NetUtil - -Djava.net.preferIPv6Addresses: false
DEBUG Forwarding newSession on session null to remote io.netty.util.NetUtilInitializations - Loopback interface: lo (Software Loopback Interface 1, 127.0.0.1)
DEBUG Forwarding newSession on session null to remote io.netty.util.NetUtil - Failed to get SOMAXCONN from sysctl and file \proc\sys\net\core\somaxconn. Default: 200
DEBUG Forwarding newSession on session null to remote io.netty.channel.DefaultChannelId - -Dio.netty.machineId: b4:ae:2b:ff:fe:c2:d8:b7 (auto-detected)
DEBUG AsyncHttpClient-1-2 io.netty.buffer.AbstractByteBuf - -Dio.netty.buffer.checkAccessible: true
DEBUG AsyncHttpClient-1-2 io.netty.buffer.AbstractByteBuf - -Dio.netty.buffer.checkBounds: true
DEBUG AsyncHttpClient-1-2 io.netty.util.ResourceLeakDetectorFactory - Loaded default ResourceLeakDetector: io.netty.util.ResourceLeakDetector@3e999bd3
DEBUG AsyncHttpClient-1-2 org.asynchttpclient.netty.channel.NettyConnectListener - Using new Channel '[id: 0xbd29b71c, L:/127.0.0.1:55652 - R:localhost/127.0.0.1:58250]' for 'POST' to '/session'
DEBUG AsyncHttpClient-1-2 io.netty.util.Recycler - -Dio.netty.recycler.maxCapacityPerThread: 4096
DEBUG AsyncHttpClient-1-2 io.netty.util.Recycler - -Dio.netty.recycler.maxSharedCapacityFactor: 2
DEBUG AsyncHttpClient-1-2 io.netty.util.Recycler - -Dio.netty.recycler.linkCapacity: 16
DEBUG AsyncHttpClient-1-2 io.netty.util.Recycler - -Dio.netty.recycler.ratio: 8
DEBUG AsyncHttpClient-1-2 io.netty.util.Recycler - -Dio.netty.recycler.delayedQueue.ratio: 8
DEBUG AsyncHttpClient-1-2 io.netty.handler.codec.compression.Brotli - brotli4j not in the classpath; Brotli support will be unavailable.
DEBUG AsyncHttpClient-1-2 org.asynchttpclient.netty.handler.HttpHandler - 

Request DefaultHttpRequest(decodeResult: success, version: HTTP/1.1)
POST /session HTTP/1.1
User-Agent: selenium/4.1.1 (java windows)
Content-Length: 365
Content-Type: application/json; charset=utf-8
host: localhost:58250
accept: */*

Response DefaultHttpResponse(decodeResult: success, version: HTTP/1.1)
HTTP/1.1 200 OK
Content-Type: application/json; charset=utf-8
cache-control: no-cache
content-length: 790

DEBUG AsyncHttpClient-1-2 org.asynchttpclient.netty.channel.ChannelManager - Adding key: http://localhost:58250 for channel [id: 0xbd29b71c, L:/127.0.0.1:55652 - R:localhost/127.0.0.1:58250]
DEBUG AsyncHttpClient-1-3 org.asynchttpclient.netty.channel.NettyConnectListener - Using new Channel '[id: 0xe19deb50, L:/127.0.0.1:55660 - R:localhost/127.0.0.1:55653]' for 'GET' to '/json/version'
DEBUG AsyncHttpClient-1-3 org.asynchttpclient.netty.handler.HttpHandler - 

Request DefaultFullHttpRequest(decodeResult: success, version: HTTP/1.1, content: EmptyByteBufBE)
GET /json/version HTTP/1.1
User-Agent: selenium/4.1.1 (java windows)
host: localhost:55653
accept: */*

Response DefaultHttpResponse(decodeResult: success, version: HTTP/1.1)
HTTP/1.1 200 OK
Content-Type: application/json; charset=UTF-8
content-length: 426

DEBUG AsyncHttpClient-1-3 org.asynchttpclient.netty.channel.ChannelManager - Adding key: http://localhost:55653 for channel [id: 0xe19deb50, L:/127.0.0.1:55660 - R:localhost/127.0.0.1:55653]
DEBUG main io.netty.util.internal.ThreadLocalRandom - -Dio.netty.initialSeedUniquifier: 0x5ea7046a8e9eccac
DEBUG AsyncHttpClient-1-4 org.asynchttpclient.netty.channel.NettyConnectListener - Using new Channel '[id: 0xa54c20a9, L:/127.0.0.1:55661 - R:localhost/127.0.0.1:55653]' for 'GET' to '/devtools/browser/68f5664b-242a-40e0-8348-a790c269267f'
DEBUG AsyncHttpClient-1-4 org.asynchttpclient.netty.handler.WebSocketHandler - 

Request DefaultFullHttpRequest(decodeResult: success, version: HTTP/1.1, content: EmptyByteBufBE)
GET /devtools/browser/68f5664b-242a-40e0-8348-a790c269267f HTTP/1.1
upgrade: websocket
connection: upgrade
sec-websocket-key: uKZ1ptrY41Ywobatb/UlIw==
sec-websocket-version: 13
origin: http://localhost:55653
host: localhost:55653
accept: */*
user-agent: AHC/2.1

Response DefaultHttpResponse(decodeResult: success, version: HTTP/1.1)
HTTP/1.1 101 WebSocket Protocol Handshake
Upgrade: WebSocket
Connection: Upgrade
Sec-WebSocket-Accept: rAIrGURT3DG6iKi7YnYhaAcMoS0=

DEBUG Forwarding maximizeCurrentWindow on session 4ff22e8b7db8cfb10a14b8b8a7835fda to remote org.asynchttpclient.netty.request.NettyRequestSender - Using pooled Channel '[id: 0xbd29b71c, L:/127.0.0.1:55652 - R:localhost/127.0.0.1:58250]' for 'POST' to 'http://localhost:58250/session/4ff22e8b7db8cfb10a14b8b8a7835fda/window/maximize'
DEBUG Forwarding maximizeCurrentWindow on session 4ff22e8b7db8cfb10a14b8b8a7835fda to remote org.asynchttpclient.netty.request.NettyRequestSender - Using open Channel [id: 0xbd29b71c, L:/127.0.0.1:55652 - R:localhost/127.0.0.1:58250] for POST '/session/4ff22e8b7db8cfb10a14b8b8a7835fda/window/maximize'
DEBUG AsyncHttpClient-1-2 org.asynchttpclient.netty.handler.HttpHandler - 

Request DefaultHttpRequest(decodeResult: success, version: HTTP/1.1)
POST /session/4ff22e8b7db8cfb10a14b8b8a7835fda/window/maximize HTTP/1.1
User-Agent: selenium/4.1.1 (java windows)
Content-Length: 3
Content-Type: application/json; charset=utf-8
host: localhost:58250
accept: */*

Response DefaultHttpResponse(decodeResult: success, version: HTTP/1.1)
HTTP/1.1 200 OK
Content-Type: application/json; charset=utf-8
cache-control: no-cache
content-length: 51

DEBUG AsyncHttpClient-1-2 org.asynchttpclient.netty.channel.ChannelManager - Adding key: http://localhost:58250 for channel [id: 0xbd29b71c, L:/127.0.0.1:55652 - R:localhost/127.0.0.1:58250]
DEBUG AsyncHttpClient-1-1 org.asynchttpclient.netty.channel.DefaultChannelPool - Entry count for : http://localhost:58250 : 1
DEBUG AsyncHttpClient-1-1 org.asynchttpclient.netty.channel.DefaultChannelPool - Entry count for : http://localhost:55653 : 1
DEBUG Forwarding get on session 4ff22e8b7db8cfb10a14b8b8a7835fda to remote org.asynchttpclient.netty.request.NettyRequestSender - Using pooled Channel '[id: 0xbd29b71c, L:/127.0.0.1:55652 - R:localhost/127.0.0.1:58250]' for 'POST' to 'http://localhost:58250/session/4ff22e8b7db8cfb10a14b8b8a7835fda/url'
DEBUG Forwarding get on session 4ff22e8b7db8cfb10a14b8b8a7835fda to remote org.asynchttpclient.netty.request.NettyRequestSender - Using open Channel [id: 0xbd29b71c, L:/127.0.0.1:55652 - R:localhost/127.0.0.1:58250] for POST '/session/4ff22e8b7db8cfb10a14b8b8a7835fda/url'
DEBUG AsyncHttpClient-1-2 org.asynchttpclient.netty.handler.HttpHandler - 

Request DefaultHttpRequest(decodeResult: success, version: HTTP/1.1)
POST /session/4ff22e8b7db8cfb10a14b8b8a7835fda/url HTTP/1.1
User-Agent: selenium/4.1.1 (java windows)
Content-Length: 84
Content-Type: application/json; charset=utf-8
host: localhost:58250
accept: */*

Response DefaultHttpResponse(decodeResult: success, version: HTTP/1.1)
HTTP/1.1 200 OK
Content-Type: application/json; charset=utf-8
cache-control: no-cache
content-length: 14

DEBUG AsyncHttpClient-1-2 org.asynchttpclient.netty.channel.ChannelManager - Adding key: http://localhost:58250 for channel [id: 0xbd29b71c, L:/127.0.0.1:55652 - R:localhost/127.0.0.1:58250]
DEBUG wdm-shutdown-hook io.github.bonigarcia.wdm.WebDriverManager - Quitting ChromeDriver: chrome on WINDOWS (4ff22e8b7db8cfb10a14b8b8a7835fda)
DEBUG AsyncHttpClient-1-4 org.asynchttpclient.netty.handler.WebSocketHandler - Channel Closed: [id: 0xa54c20a9, L:/127.0.0.1:55661 ! R:localhost/127.0.0.1:55653] with attribute NettyResponseFuture{currentRetry=5,
	isDone=1,
	isCancelled=0,
	asyncHandler=org.asynchttpclient.ws.WebSocketUpgradeHandler@3351f688,
	nettyRequest=org.asynchttpclient.netty.request.NettyRequest@241dac38,
	future=java.util.concurrent.CompletableFuture@1c20b630[Completed normally],
	uri=ws://localhost:55653/devtools/browser/68f5664b-242a-40e0-8348-a790c269267f,
	keepAlive=true,
	redirectCount=0,
	timeoutsHolder=null,
	inAuth=0,
	touch=1645385725213}
DEBUG AsyncHttpClient-1-4 org.asynchttpclient.netty.channel.ChannelManager - Closing Channel [id: 0xa54c20a9, L:/127.0.0.1:55661 ! R:localhost/127.0.0.1:55653] 
DEBUG Driver Command Executor org.asynchttpclient.netty.request.NettyRequestSender - Using pooled Channel '[id: 0xbd29b71c, L:/127.0.0.1:55652 - R:localhost/127.0.0.1:58250]' for 'DELETE' to 'http://localhost:58250/session/4ff22e8b7db8cfb10a14b8b8a7835fda'
DEBUG Driver Command Executor org.asynchttpclient.netty.request.NettyRequestSender - Using open Channel [id: 0xbd29b71c, L:/127.0.0.1:55652 - R:localhost/127.0.0.1:58250] for DELETE '/session/4ff22e8b7db8cfb10a14b8b8a7835fda'
DEBUG AsyncHttpClient-1-1 org.asynchttpclient.netty.channel.DefaultChannelPool - Entry count for : http://localhost:55653 : 1
DEBUG AsyncHttpClient-1-3 org.asynchttpclient.netty.handler.HttpHandler - Unexpected I/O exception on channel [id: 0xe19deb50, L:/127.0.0.1:55660 - R:localhost/127.0.0.1:55653]
java.io.IOException: An existing connection was forcibly closed by the remote host
	at java.base/sun.nio.ch.SocketDispatcher.read0(Native Method)
	at java.base/sun.nio.ch.SocketDispatcher.read(SocketDispatcher.java:43)
	at java.base/sun.nio.ch.IOUtil.readIntoNativeBuffer(IOUtil.java:276)
	at java.base/sun.nio.ch.IOUtil.read(IOUtil.java:233)
	at java.base/sun.nio.ch.IOUtil.read(IOUtil.java:223)
	at java.base/sun.nio.ch.SocketChannelImpl.read(SocketChannelImpl.java:358)
	at io.netty.buffer.PooledByteBuf.setBytes(PooledByteBuf.java:253)
	at io.netty.buffer.AbstractByteBuf.writeBytes(AbstractByteBuf.java:1132)
	at io.netty.channel.socket.nio.NioSocketChannel.doReadBytes(NioSocketChannel.java:350)
	at io.netty.channel.nio.AbstractNioByteChannel$NioByteUnsafe.read(AbstractNioByteChannel.java:151)
	at io.netty.channel.nio.NioEventLoop.processSelectedKey(NioEventLoop.java:719)
	at io.netty.channel.nio.NioEventLoop.processSelectedKeysOptimized(NioEventLoop.java:655)
	at io.netty.channel.nio.NioEventLoop.processSelectedKeys(NioEventLoop.java:581)
	at io.netty.channel.nio.NioEventLoop.run(NioEventLoop.java:493)
	at io.netty.util.concurrent.SingleThreadEventExecutor$4.run(SingleThreadEventExecutor.java:986)
	at io.netty.util.internal.ThreadExecutorMap$2.run(ThreadExecutorMap.java:74)
	at io.netty.util.concurrent.FastThreadLocalRunnable.run(FastThreadLocalRunnable.java:30)
	at java.base/java.lang.Thread.run(Thread.java:834)
DEBUG AsyncHttpClient-1-3 org.asynchttpclient.netty.channel.ChannelManager - Closing Channel [id: 0xe19deb50, L:/127.0.0.1:55660 - R:localhost/127.0.0.1:55653] 
DEBUG AsyncHttpClient-1-3 org.asynchttpclient.netty.handler.HttpHandler - Channel Closed: [id: 0xe19deb50, L:/127.0.0.1:55660 ! R:localhost/127.0.0.1:55653] with attribute DISCARD
DEBUG AsyncHttpClient-1-2 org.asynchttpclient.netty.handler.HttpHandler - 

Request DefaultFullHttpRequest(decodeResult: success, version: HTTP/1.1, content: EmptyByteBufBE)
DELETE /session/4ff22e8b7db8cfb10a14b8b8a7835fda HTTP/1.1
User-Agent: selenium/4.1.1 (java windows)
Content-Type: application/json; charset=utf-8
host: localhost:58250
accept: */*

Response DefaultHttpResponse(decodeResult: success, version: HTTP/1.1)
HTTP/1.1 200 OK
Content-Type: application/json; charset=utf-8
cache-control: no-cache
content-length: 14

DEBUG AsyncHttpClient-1-2 org.asynchttpclient.netty.channel.ChannelManager - Adding key: http://localhost:58250 for channel [id: 0xbd29b71c, L:/127.0.0.1:55652 - R:localhost/127.0.0.1:58250]
DEBUG AsyncHttpClient-1-1 org.asynchttpclient.netty.channel.DefaultChannelPool - Entry count for : http://localhost:58250 : 1
DEBUG AsyncHttpClient-1-1 org.asynchttpclient.netty.channel.DefaultChannelPool - Entry count for : http://localhost:55653 : 1
DEBUG AsyncHttpClient-1-1 org.asynchttpclient.netty.channel.DefaultChannelPool - Adding Candidate expired Channel [id: 0xe19deb50, L:/127.0.0.1:55660 ! R:localhost/127.0.0.1:55653] isIdleTimeoutExpired=false isRemotelyClosed=true isTtlExpired=false
DEBUG AsyncHttpClient-1-1 org.asynchttpclient.netty.channel.DefaultChannelPool - Closing Idle Channel [id: 0xe19deb50, L:/127.0.0.1:55660 ! R:localhost/127.0.0.1:55653]
DEBUG AsyncHttpClient-1-1 org.asynchttpclient.netty.channel.DefaultChannelPool - Closed 1 connections out of 2 in 2 ms
DEBUG AsyncHttpClient-1-2 org.asynchttpclient.netty.handler.HttpHandler - Unexpected I/O exception on channel [id: 0xbd29b71c, L:/127.0.0.1:55652 - R:localhost/127.0.0.1:58250]
java.io.IOException: An existing connection was forcibly closed by the remote host
	at java.base/sun.nio.ch.SocketDispatcher.read0(Native Method)
	at java.base/sun.nio.ch.SocketDispatcher.read(SocketDispatcher.java:43)
	at java.base/sun.nio.ch.IOUtil.readIntoNativeBuffer(IOUtil.java:276)
	at java.base/sun.nio.ch.IOUtil.read(IOUtil.java:233)
	at java.base/sun.nio.ch.IOUtil.read(IOUtil.java:223)
	at java.base/sun.nio.ch.SocketChannelImpl.read(SocketChannelImpl.java:358)
	at io.netty.buffer.PooledByteBuf.setBytes(PooledByteBuf.java:253)
	at io.netty.buffer.AbstractByteBuf.writeBytes(AbstractByteBuf.java:1132)
	at io.netty.channel.socket.nio.NioSocketChannel.doReadBytes(NioSocketChannel.java:350)
	at io.netty.channel.nio.AbstractNioByteChannel$NioByteUnsafe.read(AbstractNioByteChannel.java:151)
	at io.netty.channel.nio.NioEventLoop.processSelectedKey(NioEventLoop.java:719)
	at io.netty.channel.nio.NioEventLoop.processSelectedKeysOptimized(NioEventLoop.java:655)
	at io.netty.channel.nio.NioEventLoop.processSelectedKeys(NioEventLoop.java:581)
	at io.netty.channel.nio.NioEventLoop.run(NioEventLoop.java:493)
	at io.netty.util.concurrent.SingleThreadEventExecutor$4.run(SingleThreadEventExecutor.java:986)
	at io.netty.util.internal.ThreadExecutorMap$2.run(ThreadExecutorMap.java:74)
	at io.netty.util.concurrent.FastThreadLocalRunnable.run(FastThreadLocalRunnable.java:30)
	at java.base/java.lang.Thread.run(Thread.java:834)
DEBUG AsyncHttpClient-1-2 org.asynchttpclient.netty.channel.ChannelManager - Closing Channel [id: 0xbd29b71c, L:/127.0.0.1:55652 - R:localhost/127.0.0.1:58250] 
DEBUG AsyncHttpClient-1-2 org.asynchttpclient.netty.handler.HttpHandler - Channel Closed: [id: 0xbd29b71c, L:/127.0.0.1:55652 ! R:localhost/127.0.0.1:58250] with attribute DISCARD
DEBUG main io.github.bonigarcia.wdm.cache.ResolutionCache - Resolution chrome=98 in cache (valid until 20:55:38 20/02/2022 CET)
DEBUG main io.github.bonigarcia.wdm.cache.ResolutionCache - Resolution chrome98=98.0.4758.102 in cache (valid until 19:55:38 21/02/2022 CET)
INFO main io.github.bonigarcia.wdm.WebDriverManager - Using chromedriver 98.0.4758.102 (resolved driver for Chrome 98)
DEBUG main io.github.bonigarcia.wdm.WebDriverManager - Driver chromedriver 98.0.4758.102 found in cache
INFO main io.github.bonigarcia.wdm.WebDriverManager - Exporting webdriver.chrome.driver as C:\Users\User\.cache\selenium\chromedriver\win32\98.0.4758.102\chromedriver.exe
DEBUG main io.netty.util.internal.logging.InternalLoggerFactory - Using SLF4J as the default logging framework
DEBUG main io.netty.util.ResourceLeakDetector - -Dio.netty.leakDetection.level: simple
DEBUG main io.netty.util.ResourceLeakDetector - -Dio.netty.leakDetection.targetRecords: 4
DEBUG main io.netty.util.ResourceLeakDetectorFactory - Loaded default ResourceLeakDetector: io.netty.util.ResourceLeakDetector@4bf3798b
DEBUG main io.netty.util.internal.PlatformDependent0 - -Dio.netty.noUnsafe: false
DEBUG main io.netty.util.internal.PlatformDependent0 - Java version: 11
DEBUG main io.netty.util.internal.PlatformDependent0 - sun.misc.Unsafe.theUnsafe: available
DEBUG main io.netty.util.internal.PlatformDependent0 - sun.misc.Unsafe.copyMemory: available
DEBUG main io.netty.util.internal.PlatformDependent0 - java.nio.Buffer.address: available
DEBUG main io.netty.util.internal.PlatformDependent0 - direct buffer constructor: unavailable: Reflective setAccessible(true) disabled
DEBUG main io.netty.util.internal.PlatformDependent0 - java.nio.Bits.unaligned: available, true
DEBUG main io.netty.util.internal.PlatformDependent0 - jdk.internal.misc.Unsafe.allocateUninitializedArray(int): unavailable: class io.netty.util.internal.PlatformDependent0$6 cannot access class jdk.internal.misc.Unsafe (in module java.base) because module java.base does not export jdk.internal.misc to unnamed module @55795845
DEBUG main io.netty.util.internal.PlatformDependent0 - java.nio.DirectByteBuffer.<init>(long, int): unavailable
DEBUG main io.netty.util.internal.PlatformDependent - sun.misc.Unsafe: available
DEBUG main io.netty.util.internal.PlatformDependent - maxDirectMemory: 2128609280 bytes (maybe)
DEBUG main io.netty.util.internal.PlatformDependent - -Dio.netty.tmpdir: C:\Users\User\AppData\Local\Temp (java.io.tmpdir)
DEBUG main io.netty.util.internal.PlatformDependent - -Dio.netty.bitMode: 64 (sun.arch.data.model)
DEBUG main io.netty.util.internal.PlatformDependent - Platform: Windows
DEBUG main io.netty.util.internal.PlatformDependent - -Dio.netty.maxDirectMemory: -1 bytes
DEBUG main io.netty.util.internal.PlatformDependent - -Dio.netty.uninitializedArrayAllocationThreshold: -1
DEBUG main io.netty.util.internal.CleanerJava9 - java.nio.ByteBuffer.cleaner(): available
DEBUG main io.netty.util.internal.PlatformDependent - -Dio.netty.noPreferDirect: false
DEBUG main io.netty.util.internal.PlatformDependent - org.jctools-core.MpscChunkedArrayQueue: available
DEBUG main io.netty.util.internal.InternalThreadLocalMap - -Dio.netty.threadLocalMap.stringBuilder.initialSize: 1024
DEBUG main io.netty.util.internal.InternalThreadLocalMap - -Dio.netty.threadLocalMap.stringBuilder.maxSize: 4096
DEBUG main io.netty.handler.ssl.JdkSslContext - Default protocols (JDK): [TLSv1.3, TLSv1.2, TLSv1.1, TLSv1] 
DEBUG main io.netty.handler.ssl.JdkSslContext - Default cipher suites (JDK): [TLS_ECDHE_ECDSA_WITH_AES_256_GCM_SHA384, TLS_ECDHE_ECDSA_WITH_AES_128_GCM_SHA256, TLS_ECDHE_RSA_WITH_AES_128_GCM_SHA256, TLS_ECDHE_RSA_WITH_AES_256_GCM_SHA384, TLS_ECDHE_RSA_WITH_AES_128_CBC_SHA, TLS_ECDHE_RSA_WITH_AES_256_CBC_SHA, TLS_RSA_WITH_AES_128_GCM_SHA256, TLS_RSA_WITH_AES_128_CBC_SHA, TLS_RSA_WITH_AES_256_CBC_SHA, TLS_AES_128_GCM_SHA256, TLS_AES_256_GCM_SHA384]
DEBUG main io.netty.channel.MultithreadEventLoopGroup - -Dio.netty.eventLoopThreads: 8
DEBUG main io.netty.channel.nio.NioEventLoop - -Dio.netty.noKeySetOptimization: false
DEBUG main io.netty.channel.nio.NioEventLoop - -Dio.netty.selectorAutoRebuildThreshold: 512
DEBUG main io.netty.buffer.PooledByteBufAllocator - -Dio.netty.allocator.numHeapArenas: 8
DEBUG main io.netty.buffer.PooledByteBufAllocator - -Dio.netty.allocator.numDirectArenas: 8
DEBUG main io.netty.buffer.PooledByteBufAllocator - -Dio.netty.allocator.pageSize: 8192
DEBUG main io.netty.buffer.PooledByteBufAllocator - -Dio.netty.allocator.maxOrder: 11
DEBUG main io.netty.buffer.PooledByteBufAllocator - -Dio.netty.allocator.chunkSize: 16777216
DEBUG main io.netty.buffer.PooledByteBufAllocator - -Dio.netty.allocator.smallCacheSize: 256
DEBUG main io.netty.buffer.PooledByteBufAllocator - -Dio.netty.allocator.normalCacheSize: 64
DEBUG main io.netty.buffer.PooledByteBufAllocator - -Dio.netty.allocator.maxCachedBufferCapacity: 32768
DEBUG main io.netty.buffer.PooledByteBufAllocator - -Dio.netty.allocator.cacheTrimInterval: 8192
DEBUG main io.netty.buffer.PooledByteBufAllocator - -Dio.netty.allocator.cacheTrimIntervalMillis: 0
DEBUG main io.netty.buffer.PooledByteBufAllocator - -Dio.netty.allocator.useCacheForAllThreads: true
DEBUG main io.netty.buffer.PooledByteBufAllocator - -Dio.netty.allocator.maxCachedByteBuffersPerChunk: 1023
DEBUG main io.netty.buffer.ByteBufUtil - -Dio.netty.allocator.type: pooled
DEBUG main io.netty.buffer.ByteBufUtil - -Dio.netty.threadLocalDirectBufferSize: 0
DEBUG main io.netty.buffer.ByteBufUtil - -Dio.netty.maxThreadLocalCharBufferSize: 16384
DEBUG Forwarding newSession on session null to remote io.netty.channel.DefaultChannelId - -Dio.netty.processId: 12820 (auto-detected)
DEBUG Forwarding newSession on session null to remote io.netty.util.NetUtil - -Djava.net.preferIPv4Stack: false
DEBUG Forwarding newSession on session null to remote io.netty.util.NetUtil - -Djava.net.preferIPv6Addresses: false
DEBUG Forwarding newSession on session null to remote io.netty.util.NetUtilInitializations - Loopback interface: lo (Software Loopback Interface 1, 127.0.0.1)
DEBUG Forwarding newSession on session null to remote io.netty.util.NetUtil - Failed to get SOMAXCONN from sysctl and file \proc\sys\net\core\somaxconn. Default: 200
DEBUG Forwarding newSession on session null to remote io.netty.channel.DefaultChannelId - -Dio.netty.machineId: b4:ae:2b:ff:fe:c2:d8:b7 (auto-detected)
DEBUG AsyncHttpClient-1-2 io.netty.buffer.AbstractByteBuf - -Dio.netty.buffer.checkAccessible: true
DEBUG AsyncHttpClient-1-2 io.netty.buffer.AbstractByteBuf - -Dio.netty.buffer.checkBounds: true
DEBUG AsyncHttpClient-1-2 io.netty.util.ResourceLeakDetectorFactory - Loaded default ResourceLeakDetector: io.netty.util.ResourceLeakDetector@140c914c
DEBUG AsyncHttpClient-1-2 org.asynchttpclient.netty.channel.NettyConnectListener - Using new Channel '[id: 0x1fce4db2, L:/127.0.0.1:55701 - R:localhost/127.0.0.1:65312]' for 'POST' to '/session'
DEBUG AsyncHttpClient-1-2 io.netty.util.Recycler - -Dio.netty.recycler.maxCapacityPerThread: 4096
DEBUG AsyncHttpClient-1-2 io.netty.util.Recycler - -Dio.netty.recycler.maxSharedCapacityFactor: 2
DEBUG AsyncHttpClient-1-2 io.netty.util.Recycler - -Dio.netty.recycler.linkCapacity: 16
DEBUG AsyncHttpClient-1-2 io.netty.util.Recycler - -Dio.netty.recycler.ratio: 8
DEBUG AsyncHttpClient-1-2 io.netty.util.Recycler - -Dio.netty.recycler.delayedQueue.ratio: 8
DEBUG AsyncHttpClient-1-2 io.netty.handler.codec.compression.Brotli - brotli4j not in the classpath; Brotli support will be unavailable.
DEBUG AsyncHttpClient-1-2 org.asynchttpclient.netty.handler.HttpHandler - 

Request DefaultHttpRequest(decodeResult: success, version: HTTP/1.1)
POST /session HTTP/1.1
User-Agent: selenium/4.1.1 (java windows)
Content-Length: 365
Content-Type: application/json; charset=utf-8
host: localhost:65312
accept: */*

Response DefaultHttpResponse(decodeResult: success, version: HTTP/1.1)
HTTP/1.1 200 OK
Content-Type: application/json; charset=utf-8
cache-control: no-cache
content-length: 789

DEBUG AsyncHttpClient-1-2 org.asynchttpclient.netty.channel.ChannelManager - Adding key: http://localhost:65312 for channel [id: 0x1fce4db2, L:/127.0.0.1:55701 - R:localhost/127.0.0.1:65312]
DEBUG AsyncHttpClient-1-3 org.asynchttpclient.netty.channel.NettyConnectListener - Using new Channel '[id: 0xa09406a0, L:/127.0.0.1:55710 - R:localhost/127.0.0.1:55702]' for 'GET' to '/json/version'
DEBUG AsyncHttpClient-1-3 org.asynchttpclient.netty.handler.HttpHandler - 

Request DefaultFullHttpRequest(decodeResult: success, version: HTTP/1.1, content: EmptyByteBufBE)
GET /json/version HTTP/1.1
User-Agent: selenium/4.1.1 (java windows)
host: localhost:55702
accept: */*

Response DefaultHttpResponse(decodeResult: success, version: HTTP/1.1)
HTTP/1.1 200 OK
Content-Type: application/json; charset=UTF-8
content-length: 426

DEBUG AsyncHttpClient-1-3 org.asynchttpclient.netty.channel.ChannelManager - Adding key: http://localhost:55702 for channel [id: 0xa09406a0, L:/127.0.0.1:55710 - R:localhost/127.0.0.1:55702]
DEBUG main io.netty.util.internal.ThreadLocalRandom - -Dio.netty.initialSeedUniquifier: 0xff9c20a4aa7c0e52
DEBUG AsyncHttpClient-1-4 org.asynchttpclient.netty.channel.NettyConnectListener - Using new Channel '[id: 0x8ca046cc, L:/127.0.0.1:55711 - R:localhost/127.0.0.1:55702]' for 'GET' to '/devtools/browser/0800f19f-72fb-4402-9bfb-93ee179a60bc'
DEBUG AsyncHttpClient-1-4 org.asynchttpclient.netty.handler.WebSocketHandler - 

Request DefaultFullHttpRequest(decodeResult: success, version: HTTP/1.1, content: EmptyByteBufBE)
GET /devtools/browser/0800f19f-72fb-4402-9bfb-93ee179a60bc HTTP/1.1
upgrade: websocket
connection: upgrade
sec-websocket-key: 7EO8cD4v6ihMGCB95hEKLA==
sec-websocket-version: 13
origin: http://localhost:55702
host: localhost:55702
accept: */*
user-agent: AHC/2.1

Response DefaultHttpResponse(decodeResult: success, version: HTTP/1.1)
HTTP/1.1 101 WebSocket Protocol Handshake
Upgrade: WebSocket
Connection: Upgrade
Sec-WebSocket-Accept: I9RBp2KRMxaCDP2pKvbB6MMvZWA=

DEBUG Forwarding maximizeCurrentWindow on session 1b9ddfc862344eea5f02aeeba6635d53 to remote org.asynchttpclient.netty.request.NettyRequestSender - Using pooled Channel '[id: 0x1fce4db2, L:/127.0.0.1:55701 - R:localhost/127.0.0.1:65312]' for 'POST' to 'http://localhost:65312/session/1b9ddfc862344eea5f02aeeba6635d53/window/maximize'
DEBUG Forwarding maximizeCurrentWindow on session 1b9ddfc862344eea5f02aeeba6635d53 to remote org.asynchttpclient.netty.request.NettyRequestSender - Using open Channel [id: 0x1fce4db2, L:/127.0.0.1:55701 - R:localhost/127.0.0.1:65312] for POST '/session/1b9ddfc862344eea5f02aeeba6635d53/window/maximize'
DEBUG AsyncHttpClient-1-2 org.asynchttpclient.netty.handler.HttpHandler - 

Request DefaultHttpRequest(decodeResult: success, version: HTTP/1.1)
POST /session/1b9ddfc862344eea5f02aeeba6635d53/window/maximize HTTP/1.1
User-Agent: selenium/4.1.1 (java windows)
Content-Length: 3
Content-Type: application/json; charset=utf-8
host: localhost:65312
accept: */*

Response DefaultHttpResponse(decodeResult: success, version: HTTP/1.1)
HTTP/1.1 200 OK
Content-Type: application/json; charset=utf-8
cache-control: no-cache
content-length: 51

DEBUG AsyncHttpClient-1-2 org.asynchttpclient.netty.channel.ChannelManager - Adding key: http://localhost:65312 for channel [id: 0x1fce4db2, L:/127.0.0.1:55701 - R:localhost/127.0.0.1:65312]
DEBUG Forwarding get on session 1b9ddfc862344eea5f02aeeba6635d53 to remote org.asynchttpclient.netty.request.NettyRequestSender - Using pooled Channel '[id: 0x1fce4db2, L:/127.0.0.1:55701 - R:localhost/127.0.0.1:65312]' for 'POST' to 'http://localhost:65312/session/1b9ddfc862344eea5f02aeeba6635d53/url'
DEBUG Forwarding get on session 1b9ddfc862344eea5f02aeeba6635d53 to remote org.asynchttpclient.netty.request.NettyRequestSender - Using open Channel [id: 0x1fce4db2, L:/127.0.0.1:55701 - R:localhost/127.0.0.1:65312] for POST '/session/1b9ddfc862344eea5f02aeeba6635d53/url'
DEBUG AsyncHttpClient-1-1 org.asynchttpclient.netty.channel.DefaultChannelPool - Entry count for : http://localhost:55702 : 1
DEBUG AsyncHttpClient-1-2 org.asynchttpclient.netty.handler.HttpHandler - 

Request DefaultHttpRequest(decodeResult: success, version: HTTP/1.1)
POST /session/1b9ddfc862344eea5f02aeeba6635d53/url HTTP/1.1
User-Agent: selenium/4.1.1 (java windows)
Content-Length: 84
Content-Type: application/json; charset=utf-8
host: localhost:65312
accept: */*

Response DefaultHttpResponse(decodeResult: success, version: HTTP/1.1)
HTTP/1.1 200 OK
Content-Type: application/json; charset=utf-8
cache-control: no-cache
content-length: 14

DEBUG AsyncHttpClient-1-2 org.asynchttpclient.netty.channel.ChannelManager - Adding key: http://localhost:65312 for channel [id: 0x1fce4db2, L:/127.0.0.1:55701 - R:localhost/127.0.0.1:65312]
DEBUG wdm-shutdown-hook io.github.bonigarcia.wdm.WebDriverManager - Quitting ChromeDriver: chrome on WINDOWS (1b9ddfc862344eea5f02aeeba6635d53)
DEBUG AsyncHttpClient-1-4 org.asynchttpclient.netty.handler.WebSocketHandler - Channel Closed: [id: 0x8ca046cc, L:/127.0.0.1:55711 ! R:localhost/127.0.0.1:55702] with attribute NettyResponseFuture{currentRetry=5,
	isDone=1,
	isCancelled=0,
	asyncHandler=org.asynchttpclient.ws.WebSocketUpgradeHandler@6ff68eb6,
	nettyRequest=org.asynchttpclient.netty.request.NettyRequest@3b0163bf,
	future=java.util.concurrent.CompletableFuture@7e668fd1[Completed normally],
	uri=ws://localhost:55702/devtools/browser/0800f19f-72fb-4402-9bfb-93ee179a60bc,
	keepAlive=true,
	redirectCount=0,
	timeoutsHolder=null,
	inAuth=0,
	touch=1645385925299}
DEBUG AsyncHttpClient-1-4 org.asynchttpclient.netty.channel.ChannelManager - Closing Channel [id: 0x8ca046cc, L:/127.0.0.1:55711 ! R:localhost/127.0.0.1:55702] 
DEBUG Driver Command Executor org.asynchttpclient.netty.request.NettyRequestSender - Using pooled Channel '[id: 0x1fce4db2, L:/127.0.0.1:55701 - R:localhost/127.0.0.1:65312]' for 'DELETE' to 'http://localhost:65312/session/1b9ddfc862344eea5f02aeeba6635d53'
DEBUG Driver Command Executor org.asynchttpclient.netty.request.NettyRequestSender - Using open Channel [id: 0x1fce4db2, L:/127.0.0.1:55701 - R:localhost/127.0.0.1:65312] for DELETE '/session/1b9ddfc862344eea5f02aeeba6635d53'
DEBUG AsyncHttpClient-1-1 org.asynchttpclient.netty.channel.DefaultChannelPool - Entry count for : http://localhost:55702 : 1
DEBUG AsyncHttpClient-1-3 org.asynchttpclient.netty.handler.HttpHandler - Unexpected I/O exception on channel [id: 0xa09406a0, L:/127.0.0.1:55710 - R:localhost/127.0.0.1:55702]
java.io.IOException: An existing connection was forcibly closed by the remote host
	at java.base/sun.nio.ch.SocketDispatcher.read0(Native Method)
	at java.base/sun.nio.ch.SocketDispatcher.read(SocketDispatcher.java:43)
	at java.base/sun.nio.ch.IOUtil.readIntoNativeBuffer(IOUtil.java:276)
	at java.base/sun.nio.ch.IOUtil.read(IOUtil.java:233)
	at java.base/sun.nio.ch.IOUtil.read(IOUtil.java:223)
	at java.base/sun.nio.ch.SocketChannelImpl.read(SocketChannelImpl.java:358)
	at io.netty.buffer.PooledByteBuf.setBytes(PooledByteBuf.java:253)
	at io.netty.buffer.AbstractByteBuf.writeBytes(AbstractByteBuf.java:1132)
	at io.netty.channel.socket.nio.NioSocketChannel.doReadBytes(NioSocketChannel.java:350)
	at io.netty.channel.nio.AbstractNioByteChannel$NioByteUnsafe.read(AbstractNioByteChannel.java:151)
	at io.netty.channel.nio.NioEventLoop.processSelectedKey(NioEventLoop.java:719)
	at io.netty.channel.nio.NioEventLoop.processSelectedKeysOptimized(NioEventLoop.java:655)
	at io.netty.channel.nio.NioEventLoop.processSelectedKeys(NioEventLoop.java:581)
	at io.netty.channel.nio.NioEventLoop.run(NioEventLoop.java:493)
	at io.netty.util.concurrent.SingleThreadEventExecutor$4.run(SingleThreadEventExecutor.java:986)
	at io.netty.util.internal.ThreadExecutorMap$2.run(ThreadExecutorMap.java:74)
	at io.netty.util.concurrent.FastThreadLocalRunnable.run(FastThreadLocalRunnable.java:30)
	at java.base/java.lang.Thread.run(Thread.java:834)
DEBUG AsyncHttpClient-1-3 org.asynchttpclient.netty.channel.ChannelManager - Closing Channel [id: 0xa09406a0, L:/127.0.0.1:55710 - R:localhost/127.0.0.1:55702] 
DEBUG AsyncHttpClient-1-3 org.asynchttpclient.netty.handler.HttpHandler - Channel Closed: [id: 0xa09406a0, L:/127.0.0.1:55710 ! R:localhost/127.0.0.1:55702] with attribute DISCARD
DEBUG AsyncHttpClient-1-2 org.asynchttpclient.netty.handler.HttpHandler - 

Request DefaultFullHttpRequest(decodeResult: success, version: HTTP/1.1, content: EmptyByteBufBE)
DELETE /session/1b9ddfc862344eea5f02aeeba6635d53 HTTP/1.1
User-Agent: selenium/4.1.1 (java windows)
Content-Type: application/json; charset=utf-8
host: localhost:65312
accept: */*

Response DefaultHttpResponse(decodeResult: success, version: HTTP/1.1)
HTTP/1.1 200 OK
Content-Type: application/json; charset=utf-8
cache-control: no-cache
content-length: 14

DEBUG AsyncHttpClient-1-2 org.asynchttpclient.netty.channel.ChannelManager - Adding key: http://localhost:65312 for channel [id: 0x1fce4db2, L:/127.0.0.1:55701 - R:localhost/127.0.0.1:65312]
DEBUG AsyncHttpClient-1-2 org.asynchttpclient.netty.handler.HttpHandler - Channel Closed: [id: 0x1fce4db2, L:/127.0.0.1:55701 ! R:localhost/127.0.0.1:65312] with attribute DISCARD
DEBUG main io.github.bonigarcia.wdm.cache.ResolutionCache - Resolution chrome=98 in cache (valid until 20:55:38 20/02/2022 CET)
DEBUG main io.github.bonigarcia.wdm.cache.ResolutionCache - Resolution chrome98=98.0.4758.102 in cache (valid until 19:55:38 21/02/2022 CET)
INFO main io.github.bonigarcia.wdm.WebDriverManager - Using chromedriver 98.0.4758.102 (resolved driver for Chrome 98)
DEBUG main io.github.bonigarcia.wdm.WebDriverManager - Driver chromedriver 98.0.4758.102 found in cache
INFO main io.github.bonigarcia.wdm.WebDriverManager - Exporting webdriver.chrome.driver as C:\Users\User\.cache\selenium\chromedriver\win32\98.0.4758.102\chromedriver.exe
DEBUG main io.netty.util.internal.logging.InternalLoggerFactory - Using SLF4J as the default logging framework
DEBUG main io.netty.util.ResourceLeakDetector - -Dio.netty.leakDetection.level: simple
DEBUG main io.netty.util.ResourceLeakDetector - -Dio.netty.leakDetection.targetRecords: 4
DEBUG main io.netty.util.ResourceLeakDetectorFactory - Loaded default ResourceLeakDetector: io.netty.util.ResourceLeakDetector@419a20a6
DEBUG main io.netty.util.internal.PlatformDependent0 - -Dio.netty.noUnsafe: false
DEBUG main io.netty.util.internal.PlatformDependent0 - Java version: 11
DEBUG main io.netty.util.internal.PlatformDependent0 - sun.misc.Unsafe.theUnsafe: available
DEBUG main io.netty.util.internal.PlatformDependent0 - sun.misc.Unsafe.copyMemory: available
DEBUG main io.netty.util.internal.PlatformDependent0 - java.nio.Buffer.address: available
DEBUG main io.netty.util.internal.PlatformDependent0 - direct buffer constructor: unavailable: Reflective setAccessible(true) disabled
DEBUG main io.netty.util.internal.PlatformDependent0 - java.nio.Bits.unaligned: available, true
DEBUG main io.netty.util.internal.PlatformDependent0 - jdk.internal.misc.Unsafe.allocateUninitializedArray(int): unavailable: class io.netty.util.internal.PlatformDependent0$6 cannot access class jdk.internal.misc.Unsafe (in module java.base) because module java.base does not export jdk.internal.misc to unnamed module @7e809b79
DEBUG main io.netty.util.internal.PlatformDependent0 - java.nio.DirectByteBuffer.<init>(long, int): unavailable
DEBUG main io.netty.util.internal.PlatformDependent - sun.misc.Unsafe: available
DEBUG main io.netty.util.internal.PlatformDependent - maxDirectMemory: 2128609280 bytes (maybe)
DEBUG main io.netty.util.internal.PlatformDependent - -Dio.netty.tmpdir: C:\Users\User\AppData\Local\Temp (java.io.tmpdir)
DEBUG main io.netty.util.internal.PlatformDependent - -Dio.netty.bitMode: 64 (sun.arch.data.model)
DEBUG main io.netty.util.internal.PlatformDependent - Platform: Windows
DEBUG main io.netty.util.internal.PlatformDependent - -Dio.netty.maxDirectMemory: -1 bytes
DEBUG main io.netty.util.internal.PlatformDependent - -Dio.netty.uninitializedArrayAllocationThreshold: -1
DEBUG main io.netty.util.internal.CleanerJava9 - java.nio.ByteBuffer.cleaner(): available
DEBUG main io.netty.util.internal.PlatformDependent - -Dio.netty.noPreferDirect: false
DEBUG main io.netty.util.internal.PlatformDependent - org.jctools-core.MpscChunkedArrayQueue: available
DEBUG main io.netty.util.internal.InternalThreadLocalMap - -Dio.netty.threadLocalMap.stringBuilder.initialSize: 1024
DEBUG main io.netty.util.internal.InternalThreadLocalMap - -Dio.netty.threadLocalMap.stringBuilder.maxSize: 4096
DEBUG main io.netty.handler.ssl.JdkSslContext - Default protocols (JDK): [TLSv1.3, TLSv1.2, TLSv1.1, TLSv1] 
DEBUG main io.netty.handler.ssl.JdkSslContext - Default cipher suites (JDK): [TLS_ECDHE_ECDSA_WITH_AES_256_GCM_SHA384, TLS_ECDHE_ECDSA_WITH_AES_128_GCM_SHA256, TLS_ECDHE_RSA_WITH_AES_128_GCM_SHA256, TLS_ECDHE_RSA_WITH_AES_256_GCM_SHA384, TLS_ECDHE_RSA_WITH_AES_128_CBC_SHA, TLS_ECDHE_RSA_WITH_AES_256_CBC_SHA, TLS_RSA_WITH_AES_128_GCM_SHA256, TLS_RSA_WITH_AES_128_CBC_SHA, TLS_RSA_WITH_AES_256_CBC_SHA, TLS_AES_128_GCM_SHA256, TLS_AES_256_GCM_SHA384]
DEBUG main io.netty.channel.MultithreadEventLoopGroup - -Dio.netty.eventLoopThreads: 8
DEBUG main io.netty.channel.nio.NioEventLoop - -Dio.netty.noKeySetOptimization: false
DEBUG main io.netty.channel.nio.NioEventLoop - -Dio.netty.selectorAutoRebuildThreshold: 512
DEBUG main io.netty.buffer.PooledByteBufAllocator - -Dio.netty.allocator.numHeapArenas: 8
DEBUG main io.netty.buffer.PooledByteBufAllocator - -Dio.netty.allocator.numDirectArenas: 8
DEBUG main io.netty.buffer.PooledByteBufAllocator - -Dio.netty.allocator.pageSize: 8192
DEBUG main io.netty.buffer.PooledByteBufAllocator - -Dio.netty.allocator.maxOrder: 11
DEBUG main io.netty.buffer.PooledByteBufAllocator - -Dio.netty.allocator.chunkSize: 16777216
DEBUG main io.netty.buffer.PooledByteBufAllocator - -Dio.netty.allocator.smallCacheSize: 256
DEBUG main io.netty.buffer.PooledByteBufAllocator - -Dio.netty.allocator.normalCacheSize: 64
DEBUG main io.netty.buffer.PooledByteBufAllocator - -Dio.netty.allocator.maxCachedBufferCapacity: 32768
DEBUG main io.netty.buffer.PooledByteBufAllocator - -Dio.netty.allocator.cacheTrimInterval: 8192
DEBUG main io.netty.buffer.PooledByteBufAllocator - -Dio.netty.allocator.cacheTrimIntervalMillis: 0
DEBUG main io.netty.buffer.PooledByteBufAllocator - -Dio.netty.allocator.useCacheForAllThreads: true
DEBUG main io.netty.buffer.PooledByteBufAllocator - -Dio.netty.allocator.maxCachedByteBuffersPerChunk: 1023
DEBUG main io.netty.buffer.ByteBufUtil - -Dio.netty.allocator.type: pooled
DEBUG main io.netty.buffer.ByteBufUtil - -Dio.netty.threadLocalDirectBufferSize: 0
DEBUG main io.netty.buffer.ByteBufUtil - -Dio.netty.maxThreadLocalCharBufferSize: 16384
DEBUG Forwarding newSession on session null to remote io.netty.channel.DefaultChannelId - -Dio.netty.processId: 4564 (auto-detected)
DEBUG Forwarding newSession on session null to remote io.netty.util.NetUtil - -Djava.net.preferIPv4Stack: false
DEBUG Forwarding newSession on session null to remote io.netty.util.NetUtil - -Djava.net.preferIPv6Addresses: false
DEBUG Forwarding newSession on session null to remote io.netty.util.NetUtilInitializations - Loopback interface: lo (Software Loopback Interface 1, 127.0.0.1)
DEBUG Forwarding newSession on session null to remote io.netty.util.NetUtil - Failed to get SOMAXCONN from sysctl and file \proc\sys\net\core\somaxconn. Default: 200
DEBUG Forwarding newSession on session null to remote io.netty.channel.DefaultChannelId - -Dio.netty.machineId: b4:ae:2b:ff:fe:c2:d8:b7 (auto-detected)
DEBUG AsyncHttpClient-1-2 io.netty.buffer.AbstractByteBuf - -Dio.netty.buffer.checkAccessible: true
DEBUG AsyncHttpClient-1-2 io.netty.buffer.AbstractByteBuf - -Dio.netty.buffer.checkBounds: true
DEBUG AsyncHttpClient-1-2 io.netty.util.ResourceLeakDetectorFactory - Loaded default ResourceLeakDetector: io.netty.util.ResourceLeakDetector@1c85456e
DEBUG AsyncHttpClient-1-2 org.asynchttpclient.netty.channel.NettyConnectListener - Using new Channel '[id: 0x6b38d218, L:/127.0.0.1:55745 - R:localhost/127.0.0.1:60833]' for 'POST' to '/session'
DEBUG AsyncHttpClient-1-2 io.netty.util.Recycler - -Dio.netty.recycler.maxCapacityPerThread: 4096
DEBUG AsyncHttpClient-1-2 io.netty.util.Recycler - -Dio.netty.recycler.maxSharedCapacityFactor: 2
DEBUG AsyncHttpClient-1-2 io.netty.util.Recycler - -Dio.netty.recycler.linkCapacity: 16
DEBUG AsyncHttpClient-1-2 io.netty.util.Recycler - -Dio.netty.recycler.ratio: 8
DEBUG AsyncHttpClient-1-2 io.netty.util.Recycler - -Dio.netty.recycler.delayedQueue.ratio: 8
DEBUG AsyncHttpClient-1-2 io.netty.handler.codec.compression.Brotli - brotli4j not in the classpath; Brotli support will be unavailable.
DEBUG AsyncHttpClient-1-2 org.asynchttpclient.netty.handler.HttpHandler - 

Request DefaultHttpRequest(decodeResult: success, version: HTTP/1.1)
POST /session HTTP/1.1
User-Agent: selenium/4.1.1 (java windows)
Content-Length: 365
Content-Type: application/json; charset=utf-8
host: localhost:60833
accept: */*

Response DefaultHttpResponse(decodeResult: success, version: HTTP/1.1)
HTTP/1.1 200 OK
Content-Type: application/json; charset=utf-8
cache-control: no-cache
content-length: 789

DEBUG AsyncHttpClient-1-2 org.asynchttpclient.netty.channel.ChannelManager - Adding key: http://localhost:60833 for channel [id: 0x6b38d218, L:/127.0.0.1:55745 - R:localhost/127.0.0.1:60833]
DEBUG AsyncHttpClient-1-3 org.asynchttpclient.netty.channel.NettyConnectListener - Using new Channel '[id: 0x6c74233c, L:/127.0.0.1:55753 - R:localhost/127.0.0.1:55746]' for 'GET' to '/json/version'
DEBUG AsyncHttpClient-1-3 org.asynchttpclient.netty.handler.HttpHandler - 

Request DefaultFullHttpRequest(decodeResult: success, version: HTTP/1.1, content: EmptyByteBufBE)
GET /json/version HTTP/1.1
User-Agent: selenium/4.1.1 (java windows)
host: localhost:55746
accept: */*

Response DefaultHttpResponse(decodeResult: success, version: HTTP/1.1)
HTTP/1.1 200 OK
Content-Type: application/json; charset=UTF-8
content-length: 426

DEBUG AsyncHttpClient-1-3 org.asynchttpclient.netty.channel.ChannelManager - Adding key: http://localhost:55746 for channel [id: 0x6c74233c, L:/127.0.0.1:55753 - R:localhost/127.0.0.1:55746]
DEBUG main io.netty.util.internal.ThreadLocalRandom - -Dio.netty.initialSeedUniquifier: 0xdf0323203b2d4c2d
DEBUG AsyncHttpClient-1-4 org.asynchttpclient.netty.channel.NettyConnectListener - Using new Channel '[id: 0xa274d4e0, L:/127.0.0.1:55754 - R:localhost/127.0.0.1:55746]' for 'GET' to '/devtools/browser/b6d9ed4d-6fc2-4380-9b61-4b44e773e504'
DEBUG AsyncHttpClient-1-4 org.asynchttpclient.netty.handler.WebSocketHandler - 

Request DefaultFullHttpRequest(decodeResult: success, version: HTTP/1.1, content: EmptyByteBufBE)
GET /devtools/browser/b6d9ed4d-6fc2-4380-9b61-4b44e773e504 HTTP/1.1
upgrade: websocket
connection: upgrade
sec-websocket-key: OX5qG7KRRIrz98aq5be6lQ==
sec-websocket-version: 13
origin: http://localhost:55746
host: localhost:55746
accept: */*
user-agent: AHC/2.1

Response DefaultHttpResponse(decodeResult: success, version: HTTP/1.1)
HTTP/1.1 101 WebSocket Protocol Handshake
Upgrade: WebSocket
Connection: Upgrade
Sec-WebSocket-Accept: 0tA9MdWGbLe9q+6Ss9Rmw3qIMMk=

DEBUG Forwarding maximizeCurrentWindow on session be70a0980ef632a1c932af184fca679d to remote org.asynchttpclient.netty.request.NettyRequestSender - Using pooled Channel '[id: 0x6b38d218, L:/127.0.0.1:55745 - R:localhost/127.0.0.1:60833]' for 'POST' to 'http://localhost:60833/session/be70a0980ef632a1c932af184fca679d/window/maximize'
DEBUG Forwarding maximizeCurrentWindow on session be70a0980ef632a1c932af184fca679d to remote org.asynchttpclient.netty.request.NettyRequestSender - Using open Channel [id: 0x6b38d218, L:/127.0.0.1:55745 - R:localhost/127.0.0.1:60833] for POST '/session/be70a0980ef632a1c932af184fca679d/window/maximize'
DEBUG AsyncHttpClient-1-2 org.asynchttpclient.netty.handler.HttpHandler - 

Request DefaultHttpRequest(decodeResult: success, version: HTTP/1.1)
POST /session/be70a0980ef632a1c932af184fca679d/window/maximize HTTP/1.1
User-Agent: selenium/4.1.1 (java windows)
Content-Length: 3
Content-Type: application/json; charset=utf-8
host: localhost:60833
accept: */*

Response DefaultHttpResponse(decodeResult: success, version: HTTP/1.1)
HTTP/1.1 200 OK
Content-Type: application/json; charset=utf-8
cache-control: no-cache
content-length: 51

DEBUG AsyncHttpClient-1-2 org.asynchttpclient.netty.channel.ChannelManager - Adding key: http://localhost:60833 for channel [id: 0x6b38d218, L:/127.0.0.1:55745 - R:localhost/127.0.0.1:60833]
DEBUG Forwarding get on session be70a0980ef632a1c932af184fca679d to remote org.asynchttpclient.netty.request.NettyRequestSender - Using pooled Channel '[id: 0x6b38d218, L:/127.0.0.1:55745 - R:localhost/127.0.0.1:60833]' for 'POST' to 'http://localhost:60833/session/be70a0980ef632a1c932af184fca679d/url'
DEBUG Forwarding get on session be70a0980ef632a1c932af184fca679d to remote org.asynchttpclient.netty.request.NettyRequestSender - Using open Channel [id: 0x6b38d218, L:/127.0.0.1:55745 - R:localhost/127.0.0.1:60833] for POST '/session/be70a0980ef632a1c932af184fca679d/url'
DEBUG AsyncHttpClient-1-1 org.asynchttpclient.netty.channel.DefaultChannelPool - Entry count for : http://localhost:55746 : 1
DEBUG AsyncHttpClient-1-2 org.asynchttpclient.netty.handler.HttpHandler - 

Request DefaultHttpRequest(decodeResult: success, version: HTTP/1.1)
POST /session/be70a0980ef632a1c932af184fca679d/url HTTP/1.1
User-Agent: selenium/4.1.1 (java windows)
Content-Length: 84
Content-Type: application/json; charset=utf-8
host: localhost:60833
accept: */*

Response DefaultHttpResponse(decodeResult: success, version: HTTP/1.1)
HTTP/1.1 200 OK
Content-Type: application/json; charset=utf-8
cache-control: no-cache
content-length: 14

DEBUG AsyncHttpClient-1-2 org.asynchttpclient.netty.channel.ChannelManager - Adding key: http://localhost:60833 for channel [id: 0x6b38d218, L:/127.0.0.1:55745 - R:localhost/127.0.0.1:60833]
DEBUG wdm-shutdown-hook io.github.bonigarcia.wdm.WebDriverManager - Quitting ChromeDriver: chrome on WINDOWS (be70a0980ef632a1c932af184fca679d)
DEBUG Driver Command Executor org.asynchttpclient.netty.request.NettyRequestSender - Using pooled Channel '[id: 0x6b38d218, L:/127.0.0.1:55745 - R:localhost/127.0.0.1:60833]' for 'DELETE' to 'http://localhost:60833/session/be70a0980ef632a1c932af184fca679d'
DEBUG AsyncHttpClient-1-4 org.asynchttpclient.netty.handler.WebSocketHandler - Channel Closed: [id: 0xa274d4e0, L:/127.0.0.1:55754 ! R:localhost/127.0.0.1:55746] with attribute NettyResponseFuture{currentRetry=5,
	isDone=1,
	isCancelled=0,
	asyncHandler=org.asynchttpclient.ws.WebSocketUpgradeHandler@6373d066,
	nettyRequest=org.asynchttpclient.netty.request.NettyRequest@65f2013d,
	future=java.util.concurrent.CompletableFuture@7cbca542[Completed normally],
	uri=ws://localhost:55746/devtools/browser/b6d9ed4d-6fc2-4380-9b61-4b44e773e504,
	keepAlive=true,
	redirectCount=0,
	timeoutsHolder=null,
	inAuth=0,
	touch=1645385966918}
DEBUG Driver Command Executor org.asynchttpclient.netty.request.NettyRequestSender - Using open Channel [id: 0x6b38d218, L:/127.0.0.1:55745 - R:localhost/127.0.0.1:60833] for DELETE '/session/be70a0980ef632a1c932af184fca679d'
DEBUG AsyncHttpClient-1-4 org.asynchttpclient.netty.channel.ChannelManager - Closing Channel [id: 0xa274d4e0, L:/127.0.0.1:55754 ! R:localhost/127.0.0.1:55746] 
DEBUG AsyncHttpClient-1-3 org.asynchttpclient.netty.handler.HttpHandler - Unexpected I/O exception on channel [id: 0x6c74233c, L:/127.0.0.1:55753 - R:localhost/127.0.0.1:55746]
java.io.IOException: An existing connection was forcibly closed by the remote host
	at java.base/sun.nio.ch.SocketDispatcher.read0(Native Method)
	at java.base/sun.nio.ch.SocketDispatcher.read(SocketDispatcher.java:43)
	at java.base/sun.nio.ch.IOUtil.readIntoNativeBuffer(IOUtil.java:276)
	at java.base/sun.nio.ch.IOUtil.read(IOUtil.java:233)
	at java.base/sun.nio.ch.IOUtil.read(IOUtil.java:223)
	at java.base/sun.nio.ch.SocketChannelImpl.read(SocketChannelImpl.java:358)
	at io.netty.buffer.PooledByteBuf.setBytes(PooledByteBuf.java:253)
	at io.netty.buffer.AbstractByteBuf.writeBytes(AbstractByteBuf.java:1132)
	at io.netty.channel.socket.nio.NioSocketChannel.doReadBytes(NioSocketChannel.java:350)
	at io.netty.channel.nio.AbstractNioByteChannel$NioByteUnsafe.read(AbstractNioByteChannel.java:151)
	at io.netty.channel.nio.NioEventLoop.processSelectedKey(NioEventLoop.java:719)
	at io.netty.channel.nio.NioEventLoop.processSelectedKeysOptimized(NioEventLoop.java:655)
	at io.netty.channel.nio.NioEventLoop.processSelectedKeys(NioEventLoop.java:581)
	at io.netty.channel.nio.NioEventLoop.run(NioEventLoop.java:493)
	at io.netty.util.concurrent.SingleThreadEventExecutor$4.run(SingleThreadEventExecutor.java:986)
	at io.netty.util.internal.ThreadExecutorMap$2.run(ThreadExecutorMap.java:74)
	at io.netty.util.concurrent.FastThreadLocalRunnable.run(FastThreadLocalRunnable.java:30)
	at java.base/java.lang.Thread.run(Thread.java:834)
DEBUG AsyncHttpClient-1-3 org.asynchttpclient.netty.channel.ChannelManager - Closing Channel [id: 0x6c74233c, L:/127.0.0.1:55753 - R:localhost/127.0.0.1:55746] 
DEBUG AsyncHttpClient-1-3 org.asynchttpclient.netty.handler.HttpHandler - Channel Closed: [id: 0x6c74233c, L:/127.0.0.1:55753 ! R:localhost/127.0.0.1:55746] with attribute DISCARD
DEBUG AsyncHttpClient-1-2 org.asynchttpclient.netty.handler.HttpHandler - 

Request DefaultFullHttpRequest(decodeResult: success, version: HTTP/1.1, content: EmptyByteBufBE)
DELETE /session/be70a0980ef632a1c932af184fca679d HTTP/1.1
User-Agent: selenium/4.1.1 (java windows)
Content-Type: application/json; charset=utf-8
host: localhost:60833
accept: */*

Response DefaultHttpResponse(decodeResult: success, version: HTTP/1.1)
HTTP/1.1 200 OK
Content-Type: application/json; charset=utf-8
cache-control: no-cache
content-length: 14

DEBUG AsyncHttpClient-1-2 org.asynchttpclient.netty.channel.ChannelManager - Adding key: http://localhost:60833 for channel [id: 0x6b38d218, L:/127.0.0.1:55745 - R:localhost/127.0.0.1:60833]
DEBUG AsyncHttpClient-1-1 org.asynchttpclient.netty.channel.DefaultChannelPool - Entry count for : http://localhost:55746 : 1
DEBUG AsyncHttpClient-1-1 org.asynchttpclient.netty.channel.DefaultChannelPool - Entry count for : http://localhost:60833 : 1
DEBUG AsyncHttpClient-1-1 org.asynchttpclient.netty.channel.DefaultChannelPool - Adding Candidate expired Channel [id: 0x6c74233c, L:/127.0.0.1:55753 ! R:localhost/127.0.0.1:55746] isIdleTimeoutExpired=false isRemotelyClosed=true isTtlExpired=false
DEBUG AsyncHttpClient-1-1 org.asynchttpclient.netty.channel.DefaultChannelPool - Closing Idle Channel [id: 0x6c74233c, L:/127.0.0.1:55753 ! R:localhost/127.0.0.1:55746]
DEBUG AsyncHttpClient-1-1 org.asynchttpclient.netty.channel.DefaultChannelPool - Closed 1 connections out of 2 in 2 ms
DEBUG AsyncHttpClient-1-2 org.asynchttpclient.netty.handler.HttpHandler - Channel Closed: [id: 0x6b38d218, L:/127.0.0.1:55745 ! R:localhost/127.0.0.1:60833] with attribute DISCARD
DEBUG main io.github.bonigarcia.wdm.cache.ResolutionCache - Resolution chrome=98 in cache (valid until 20:55:38 20/02/2022 CET)
DEBUG main io.github.bonigarcia.wdm.cache.ResolutionCache - Resolution chrome98=98.0.4758.102 in cache (valid until 19:55:38 21/02/2022 CET)
INFO main io.github.bonigarcia.wdm.WebDriverManager - Using chromedriver 98.0.4758.102 (resolved driver for Chrome 98)
DEBUG main io.github.bonigarcia.wdm.WebDriverManager - Driver chromedriver 98.0.4758.102 found in cache
INFO main io.github.bonigarcia.wdm.WebDriverManager - Exporting webdriver.chrome.driver as C:\Users\User\.cache\selenium\chromedriver\win32\98.0.4758.102\chromedriver.exe
DEBUG main io.netty.util.internal.logging.InternalLoggerFactory - Using SLF4J as the default logging framework
DEBUG main io.netty.util.ResourceLeakDetector - -Dio.netty.leakDetection.level: simple
DEBUG main io.netty.util.ResourceLeakDetector - -Dio.netty.leakDetection.targetRecords: 4
DEBUG main io.netty.util.ResourceLeakDetectorFactory - Loaded default ResourceLeakDetector: io.netty.util.ResourceLeakDetector@42f3156d
DEBUG main io.netty.util.internal.PlatformDependent0 - -Dio.netty.noUnsafe: false
DEBUG main io.netty.util.internal.PlatformDependent0 - Java version: 11
DEBUG main io.netty.util.internal.PlatformDependent0 - sun.misc.Unsafe.theUnsafe: available
DEBUG main io.netty.util.internal.PlatformDependent0 - sun.misc.Unsafe.copyMemory: available
DEBUG main io.netty.util.internal.PlatformDependent0 - java.nio.Buffer.address: available
DEBUG main io.netty.util.internal.PlatformDependent0 - direct buffer constructor: unavailable: Reflective setAccessible(true) disabled
DEBUG main io.netty.util.internal.PlatformDependent0 - java.nio.Bits.unaligned: available, true
DEBUG main io.netty.util.internal.PlatformDependent0 - jdk.internal.misc.Unsafe.allocateUninitializedArray(int): unavailable: class io.netty.util.internal.PlatformDependent0$6 cannot access class jdk.internal.misc.Unsafe (in module java.base) because module java.base does not export jdk.internal.misc to unnamed module @4eed46ee
DEBUG main io.netty.util.internal.PlatformDependent0 - java.nio.DirectByteBuffer.<init>(long, int): unavailable
DEBUG main io.netty.util.internal.PlatformDependent - sun.misc.Unsafe: available
DEBUG main io.netty.util.internal.PlatformDependent - maxDirectMemory: 2128609280 bytes (maybe)
DEBUG main io.netty.util.internal.PlatformDependent - -Dio.netty.tmpdir: C:\Users\User\AppData\Local\Temp (java.io.tmpdir)
DEBUG main io.netty.util.internal.PlatformDependent - -Dio.netty.bitMode: 64 (sun.arch.data.model)
DEBUG main io.netty.util.internal.PlatformDependent - Platform: Windows
DEBUG main io.netty.util.internal.PlatformDependent - -Dio.netty.maxDirectMemory: -1 bytes
DEBUG main io.netty.util.internal.PlatformDependent - -Dio.netty.uninitializedArrayAllocationThreshold: -1
DEBUG main io.netty.util.internal.CleanerJava9 - java.nio.ByteBuffer.cleaner(): available
DEBUG main io.netty.util.internal.PlatformDependent - -Dio.netty.noPreferDirect: false
DEBUG main io.netty.util.internal.PlatformDependent - org.jctools-core.MpscChunkedArrayQueue: available
DEBUG main io.netty.util.internal.InternalThreadLocalMap - -Dio.netty.threadLocalMap.stringBuilder.initialSize: 1024
DEBUG main io.netty.util.internal.InternalThreadLocalMap - -Dio.netty.threadLocalMap.stringBuilder.maxSize: 4096
DEBUG main io.netty.handler.ssl.JdkSslContext - Default protocols (JDK): [TLSv1.3, TLSv1.2, TLSv1.1, TLSv1] 
DEBUG main io.netty.handler.ssl.JdkSslContext - Default cipher suites (JDK): [TLS_ECDHE_ECDSA_WITH_AES_256_GCM_SHA384, TLS_ECDHE_ECDSA_WITH_AES_128_GCM_SHA256, TLS_ECDHE_RSA_WITH_AES_128_GCM_SHA256, TLS_ECDHE_RSA_WITH_AES_256_GCM_SHA384, TLS_ECDHE_RSA_WITH_AES_128_CBC_SHA, TLS_ECDHE_RSA_WITH_AES_256_CBC_SHA, TLS_RSA_WITH_AES_128_GCM_SHA256, TLS_RSA_WITH_AES_128_CBC_SHA, TLS_RSA_WITH_AES_256_CBC_SHA, TLS_AES_128_GCM_SHA256, TLS_AES_256_GCM_SHA384]
DEBUG main io.netty.channel.MultithreadEventLoopGroup - -Dio.netty.eventLoopThreads: 8
DEBUG main io.netty.channel.nio.NioEventLoop - -Dio.netty.noKeySetOptimization: false
DEBUG main io.netty.channel.nio.NioEventLoop - -Dio.netty.selectorAutoRebuildThreshold: 512
DEBUG main io.netty.buffer.PooledByteBufAllocator - -Dio.netty.allocator.numHeapArenas: 8
DEBUG main io.netty.buffer.PooledByteBufAllocator - -Dio.netty.allocator.numDirectArenas: 8
DEBUG main io.netty.buffer.PooledByteBufAllocator - -Dio.netty.allocator.pageSize: 8192
DEBUG main io.netty.buffer.PooledByteBufAllocator - -Dio.netty.allocator.maxOrder: 11
DEBUG main io.netty.buffer.PooledByteBufAllocator - -Dio.netty.allocator.chunkSize: 16777216
DEBUG main io.netty.buffer.PooledByteBufAllocator - -Dio.netty.allocator.smallCacheSize: 256
DEBUG main io.netty.buffer.PooledByteBufAllocator - -Dio.netty.allocator.normalCacheSize: 64
DEBUG main io.netty.buffer.PooledByteBufAllocator - -Dio.netty.allocator.maxCachedBufferCapacity: 32768
DEBUG main io.netty.buffer.PooledByteBufAllocator - -Dio.netty.allocator.cacheTrimInterval: 8192
DEBUG main io.netty.buffer.PooledByteBufAllocator - -Dio.netty.allocator.cacheTrimIntervalMillis: 0
DEBUG main io.netty.buffer.PooledByteBufAllocator - -Dio.netty.allocator.useCacheForAllThreads: true
DEBUG main io.netty.buffer.PooledByteBufAllocator - -Dio.netty.allocator.maxCachedByteBuffersPerChunk: 1023
DEBUG main io.netty.buffer.ByteBufUtil - -Dio.netty.allocator.type: pooled
DEBUG main io.netty.buffer.ByteBufUtil - -Dio.netty.threadLocalDirectBufferSize: 0
DEBUG main io.netty.buffer.ByteBufUtil - -Dio.netty.maxThreadLocalCharBufferSize: 16384
DEBUG Forwarding newSession on session null to remote io.netty.channel.DefaultChannelId - -Dio.netty.processId: 7064 (auto-detected)
DEBUG Forwarding newSession on session null to remote io.netty.util.NetUtil - -Djava.net.preferIPv4Stack: false
DEBUG Forwarding newSession on session null to remote io.netty.util.NetUtil - -Djava.net.preferIPv6Addresses: false
DEBUG Forwarding newSession on session null to remote io.netty.util.NetUtilInitializations - Loopback interface: lo (Software Loopback Interface 1, 127.0.0.1)
DEBUG Forwarding newSession on session null to remote io.netty.util.NetUtil - Failed to get SOMAXCONN from sysctl and file \proc\sys\net\core\somaxconn. Default: 200
DEBUG Forwarding newSession on session null to remote io.netty.channel.DefaultChannelId - -Dio.netty.machineId: b4:ae:2b:ff:fe:c2:d8:b7 (auto-detected)
DEBUG AsyncHttpClient-1-2 io.netty.buffer.AbstractByteBuf - -Dio.netty.buffer.checkAccessible: true
DEBUG AsyncHttpClient-1-2 io.netty.buffer.AbstractByteBuf - -Dio.netty.buffer.checkBounds: true
DEBUG AsyncHttpClient-1-2 io.netty.util.ResourceLeakDetectorFactory - Loaded default ResourceLeakDetector: io.netty.util.ResourceLeakDetector@3cfb15f2
DEBUG AsyncHttpClient-1-2 org.asynchttpclient.netty.channel.NettyConnectListener - Using new Channel '[id: 0x97aba4bc, L:/127.0.0.1:55807 - R:localhost/127.0.0.1:57591]' for 'POST' to '/session'
DEBUG AsyncHttpClient-1-2 io.netty.util.Recycler - -Dio.netty.recycler.maxCapacityPerThread: 4096
DEBUG AsyncHttpClient-1-2 io.netty.util.Recycler - -Dio.netty.recycler.maxSharedCapacityFactor: 2
DEBUG AsyncHttpClient-1-2 io.netty.util.Recycler - -Dio.netty.recycler.linkCapacity: 16
DEBUG AsyncHttpClient-1-2 io.netty.util.Recycler - -Dio.netty.recycler.ratio: 8
DEBUG AsyncHttpClient-1-2 io.netty.util.Recycler - -Dio.netty.recycler.delayedQueue.ratio: 8
DEBUG AsyncHttpClient-1-2 io.netty.handler.codec.compression.Brotli - brotli4j not in the classpath; Brotli support will be unavailable.
DEBUG AsyncHttpClient-1-2 org.asynchttpclient.netty.handler.HttpHandler - 

Request DefaultHttpRequest(decodeResult: success, version: HTTP/1.1)
POST /session HTTP/1.1
User-Agent: selenium/4.1.1 (java windows)
Content-Length: 365
Content-Type: application/json; charset=utf-8
host: localhost:57591
accept: */*

Response DefaultHttpResponse(decodeResult: success, version: HTTP/1.1)
HTTP/1.1 200 OK
Content-Type: application/json; charset=utf-8
cache-control: no-cache
content-length: 790

DEBUG AsyncHttpClient-1-2 org.asynchttpclient.netty.channel.ChannelManager - Adding key: http://localhost:57591 for channel [id: 0x97aba4bc, L:/127.0.0.1:55807 - R:localhost/127.0.0.1:57591]
DEBUG AsyncHttpClient-1-3 org.asynchttpclient.netty.channel.NettyConnectListener - Using new Channel '[id: 0xf095642a, L:/127.0.0.1:55815 - R:localhost/127.0.0.1:55808]' for 'GET' to '/json/version'
DEBUG AsyncHttpClient-1-3 org.asynchttpclient.netty.handler.HttpHandler - 

Request DefaultFullHttpRequest(decodeResult: success, version: HTTP/1.1, content: EmptyByteBufBE)
GET /json/version HTTP/1.1
User-Agent: selenium/4.1.1 (java windows)
host: localhost:55808
accept: */*

Response DefaultHttpResponse(decodeResult: success, version: HTTP/1.1)
HTTP/1.1 200 OK
Content-Type: application/json; charset=UTF-8
content-length: 426

DEBUG AsyncHttpClient-1-3 org.asynchttpclient.netty.channel.ChannelManager - Adding key: http://localhost:55808 for channel [id: 0xf095642a, L:/127.0.0.1:55815 - R:localhost/127.0.0.1:55808]
DEBUG main io.netty.util.internal.ThreadLocalRandom - -Dio.netty.initialSeedUniquifier: 0x163bfe044c07ca2f
DEBUG AsyncHttpClient-1-4 org.asynchttpclient.netty.channel.NettyConnectListener - Using new Channel '[id: 0x271d1ccf, L:/127.0.0.1:55816 - R:localhost/127.0.0.1:55808]' for 'GET' to '/devtools/browser/34d14066-7030-422a-b22e-d62c517aa57f'
DEBUG AsyncHttpClient-1-4 org.asynchttpclient.netty.handler.WebSocketHandler - 

Request DefaultFullHttpRequest(decodeResult: success, version: HTTP/1.1, content: EmptyByteBufBE)
GET /devtools/browser/34d14066-7030-422a-b22e-d62c517aa57f HTTP/1.1
upgrade: websocket
connection: upgrade
sec-websocket-key: v7rbfKLyHD7AIURTY4qypg==
sec-websocket-version: 13
origin: http://localhost:55808
host: localhost:55808
accept: */*
user-agent: AHC/2.1

Response DefaultHttpResponse(decodeResult: success, version: HTTP/1.1)
HTTP/1.1 101 WebSocket Protocol Handshake
Upgrade: WebSocket
Connection: Upgrade
Sec-WebSocket-Accept: BQVRQnbqAemlEiUMvPAsU5rL4+8=

DEBUG Forwarding maximizeCurrentWindow on session c37d5658999e73772247008150dc9cce to remote org.asynchttpclient.netty.request.NettyRequestSender - Using pooled Channel '[id: 0x97aba4bc, L:/127.0.0.1:55807 - R:localhost/127.0.0.1:57591]' for 'POST' to 'http://localhost:57591/session/c37d5658999e73772247008150dc9cce/window/maximize'
DEBUG Forwarding maximizeCurrentWindow on session c37d5658999e73772247008150dc9cce to remote org.asynchttpclient.netty.request.NettyRequestSender - Using open Channel [id: 0x97aba4bc, L:/127.0.0.1:55807 - R:localhost/127.0.0.1:57591] for POST '/session/c37d5658999e73772247008150dc9cce/window/maximize'
DEBUG AsyncHttpClient-1-2 org.asynchttpclient.netty.handler.HttpHandler - 

Request DefaultHttpRequest(decodeResult: success, version: HTTP/1.1)
POST /session/c37d5658999e73772247008150dc9cce/window/maximize HTTP/1.1
User-Agent: selenium/4.1.1 (java windows)
Content-Length: 3
Content-Type: application/json; charset=utf-8
host: localhost:57591
accept: */*

Response DefaultHttpResponse(decodeResult: success, version: HTTP/1.1)
HTTP/1.1 200 OK
Content-Type: application/json; charset=utf-8
cache-control: no-cache
content-length: 51

DEBUG AsyncHttpClient-1-2 org.asynchttpclient.netty.channel.ChannelManager - Adding key: http://localhost:57591 for channel [id: 0x97aba4bc, L:/127.0.0.1:55807 - R:localhost/127.0.0.1:57591]
DEBUG AsyncHttpClient-1-1 org.asynchttpclient.netty.channel.DefaultChannelPool - Entry count for : http://localhost:55808 : 1
DEBUG Forwarding get on session c37d5658999e73772247008150dc9cce to remote org.asynchttpclient.netty.request.NettyRequestSender - Using pooled Channel '[id: 0x97aba4bc, L:/127.0.0.1:55807 - R:localhost/127.0.0.1:57591]' for 'POST' to 'http://localhost:57591/session/c37d5658999e73772247008150dc9cce/url'
DEBUG Forwarding get on session c37d5658999e73772247008150dc9cce to remote org.asynchttpclient.netty.request.NettyRequestSender - Using open Channel [id: 0x97aba4bc, L:/127.0.0.1:55807 - R:localhost/127.0.0.1:57591] for POST '/session/c37d5658999e73772247008150dc9cce/url'
DEBUG AsyncHttpClient-1-2 org.asynchttpclient.netty.handler.HttpHandler - 

Request DefaultHttpRequest(decodeResult: success, version: HTTP/1.1)
POST /session/c37d5658999e73772247008150dc9cce/url HTTP/1.1
User-Agent: selenium/4.1.1 (java windows)
Content-Length: 84
Content-Type: application/json; charset=utf-8
host: localhost:57591
accept: */*

Response DefaultHttpResponse(decodeResult: success, version: HTTP/1.1)
HTTP/1.1 200 OK
Content-Type: application/json; charset=utf-8
cache-control: no-cache
content-length: 14

DEBUG AsyncHttpClient-1-2 org.asynchttpclient.netty.channel.ChannelManager - Adding key: http://localhost:57591 for channel [id: 0x97aba4bc, L:/127.0.0.1:55807 - R:localhost/127.0.0.1:57591]
DEBUG wdm-shutdown-hook io.github.bonigarcia.wdm.WebDriverManager - Quitting ChromeDriver: chrome on WINDOWS (c37d5658999e73772247008150dc9cce)
DEBUG Driver Command Executor org.asynchttpclient.netty.request.NettyRequestSender - Using pooled Channel '[id: 0x97aba4bc, L:/127.0.0.1:55807 - R:localhost/127.0.0.1:57591]' for 'DELETE' to 'http://localhost:57591/session/c37d5658999e73772247008150dc9cce'
DEBUG AsyncHttpClient-1-4 org.asynchttpclient.netty.handler.WebSocketHandler - Channel Closed: [id: 0x271d1ccf, L:/127.0.0.1:55816 ! R:localhost/127.0.0.1:55808] with attribute NettyResponseFuture{currentRetry=5,
	isDone=1,
	isCancelled=0,
	asyncHandler=org.asynchttpclient.ws.WebSocketUpgradeHandler@36904aa4,
	nettyRequest=org.asynchttpclient.netty.request.NettyRequest@3e233a1e,
	future=java.util.concurrent.CompletableFuture@71b97782[Completed normally],
	uri=ws://localhost:55808/devtools/browser/34d14066-7030-422a-b22e-d62c517aa57f,
	keepAlive=true,
	redirectCount=0,
	timeoutsHolder=null,
	inAuth=0,
	touch=1645386113271}
DEBUG Driver Command Executor org.asynchttpclient.netty.request.NettyRequestSender - Using open Channel [id: 0x97aba4bc, L:/127.0.0.1:55807 - R:localhost/127.0.0.1:57591] for DELETE '/session/c37d5658999e73772247008150dc9cce'
DEBUG AsyncHttpClient-1-4 org.asynchttpclient.netty.channel.ChannelManager - Closing Channel [id: 0x271d1ccf, L:/127.0.0.1:55816 ! R:localhost/127.0.0.1:55808] 
DEBUG AsyncHttpClient-1-1 org.asynchttpclient.netty.channel.DefaultChannelPool - Entry count for : http://localhost:55808 : 1
DEBUG AsyncHttpClient-1-3 org.asynchttpclient.netty.handler.HttpHandler - Unexpected I/O exception on channel [id: 0xf095642a, L:/127.0.0.1:55815 - R:localhost/127.0.0.1:55808]
java.io.IOException: An existing connection was forcibly closed by the remote host
	at java.base/sun.nio.ch.SocketDispatcher.read0(Native Method)
	at java.base/sun.nio.ch.SocketDispatcher.read(SocketDispatcher.java:43)
	at java.base/sun.nio.ch.IOUtil.readIntoNativeBuffer(IOUtil.java:276)
	at java.base/sun.nio.ch.IOUtil.read(IOUtil.java:233)
	at java.base/sun.nio.ch.IOUtil.read(IOUtil.java:223)
	at java.base/sun.nio.ch.SocketChannelImpl.read(SocketChannelImpl.java:358)
	at io.netty.buffer.PooledByteBuf.setBytes(PooledByteBuf.java:253)
	at io.netty.buffer.AbstractByteBuf.writeBytes(AbstractByteBuf.java:1132)
	at io.netty.channel.socket.nio.NioSocketChannel.doReadBytes(NioSocketChannel.java:350)
	at io.netty.channel.nio.AbstractNioByteChannel$NioByteUnsafe.read(AbstractNioByteChannel.java:151)
	at io.netty.channel.nio.NioEventLoop.processSelectedKey(NioEventLoop.java:719)
	at io.netty.channel.nio.NioEventLoop.processSelectedKeysOptimized(NioEventLoop.java:655)
	at io.netty.channel.nio.NioEventLoop.processSelectedKeys(NioEventLoop.java:581)
	at io.netty.channel.nio.NioEventLoop.run(NioEventLoop.java:493)
	at io.netty.util.concurrent.SingleThreadEventExecutor$4.run(SingleThreadEventExecutor.java:986)
	at io.netty.util.internal.ThreadExecutorMap$2.run(ThreadExecutorMap.java:74)
	at io.netty.util.concurrent.FastThreadLocalRunnable.run(FastThreadLocalRunnable.java:30)
	at java.base/java.lang.Thread.run(Thread.java:834)
DEBUG AsyncHttpClient-1-3 org.asynchttpclient.netty.channel.ChannelManager - Closing Channel [id: 0xf095642a, L:/127.0.0.1:55815 - R:localhost/127.0.0.1:55808] 
DEBUG AsyncHttpClient-1-3 org.asynchttpclient.netty.handler.HttpHandler - Channel Closed: [id: 0xf095642a, L:/127.0.0.1:55815 ! R:localhost/127.0.0.1:55808] with attribute DISCARD
DEBUG AsyncHttpClient-1-2 org.asynchttpclient.netty.handler.HttpHandler - 

Request DefaultFullHttpRequest(decodeResult: success, version: HTTP/1.1, content: EmptyByteBufBE)
DELETE /session/c37d5658999e73772247008150dc9cce HTTP/1.1
User-Agent: selenium/4.1.1 (java windows)
Content-Type: application/json; charset=utf-8
host: localhost:57591
accept: */*

Response DefaultHttpResponse(decodeResult: success, version: HTTP/1.1)
HTTP/1.1 200 OK
Content-Type: application/json; charset=utf-8
cache-control: no-cache
content-length: 14

DEBUG AsyncHttpClient-1-2 org.asynchttpclient.netty.channel.ChannelManager - Adding key: http://localhost:57591 for channel [id: 0x97aba4bc, L:/127.0.0.1:55807 - R:localhost/127.0.0.1:57591]
DEBUG AsyncHttpClient-1-1 org.asynchttpclient.netty.channel.DefaultChannelPool - Entry count for : http://localhost:57591 : 1
DEBUG AsyncHttpClient-1-1 org.asynchttpclient.netty.channel.DefaultChannelPool - Entry count for : http://localhost:55808 : 1
DEBUG AsyncHttpClient-1-1 org.asynchttpclient.netty.channel.DefaultChannelPool - Adding Candidate expired Channel [id: 0xf095642a, L:/127.0.0.1:55815 ! R:localhost/127.0.0.1:55808] isIdleTimeoutExpired=false isRemotelyClosed=true isTtlExpired=false
DEBUG AsyncHttpClient-1-1 org.asynchttpclient.netty.channel.DefaultChannelPool - Closing Idle Channel [id: 0xf095642a, L:/127.0.0.1:55815 ! R:localhost/127.0.0.1:55808]
DEBUG AsyncHttpClient-1-1 org.asynchttpclient.netty.channel.DefaultChannelPool - Closed 1 connections out of 2 in 2 ms
DEBUG AsyncHttpClient-1-2 org.asynchttpclient.netty.handler.HttpHandler - Channel Closed: [id: 0x97aba4bc, L:/127.0.0.1:55807 ! R:localhost/127.0.0.1:57591] with attribute DISCARD
